<?xml version="1.0" encoding="UTF-8"?>
<!-- Generated by org.testng.reporters.JUnitXMLReporter -->
<testsuite ignored="0" hostname="MSRHWMAC008.local" failures="1" tests="1" name="Test" time="8.638" errors="0" timestamp="2024-08-22T19:14:20 IST">
  <testcase classname="testCases.TC_LoginDDT" name="verifyLogin" time="0.0">
    <failure type="org.testng.TestNGException" message="
Data Provider public java.lang.String[][] utilities.DataProviders.logindata() throws java.lang.Exception returned a null value">
      <![CDATA[org.testng.TestNGException: 
Data Provider public java.lang.String[][] utilities.DataProviders.logindata() throws java.lang.Exception returned a null value
at java.base/java.util.ArrayList.forEach(ArrayList.java:1511)
... Removed 24 stack frames]]>
    </failure>
  </testcase> <!-- verifyLogin -->
</testsuite> <!-- Test -->
